<?xml version="1.0" encoding="UTF-8"?>
<!-- Generated by org.testng.reporters.JUnitReportReporter -->
<testsuite skipped="0" hostname="LAPTOP-ASB0HT8O" name="test.lonicTest" tests="1" failures="0" timestamp="21 May 2021 05:38:56 GMT" time="71.315" errors="0">
  <testcase name="changeSceneAndViewPort" time="71.315" classname="test.lonicTest"/>
</testsuite> <!-- test.lonicTest -->
