<?xml version="1.0" encoding="UTF-8"?>
<!-- Generated by org.testng.reporters.JUnitReportReporter -->
<testsuite skipped="0" hostname="LAPTOP-ASB0HT8O" name="test.lonicTest" tests="1" failures="0" timestamp="2021-05-20T10:10:59 ICT" time="80.000" errors="0">
  <testcase name="goToTop" time="80.000" classname="test.lonicTest"/>
  <system-out/>
</testsuite> <!-- test.lonicTest -->
