<?xml version="1.0" encoding="UTF-8"?>
<!-- Generated by org.testng.reporters.JUnitReportReporter -->
<testsuite hostname="LAPTOP-ASB0HT8O" failures="0" tests="1" name="test.lonicTest" time="71.722" errors="0" timestamp="21 May 2021 08:52:57 GMT" skipped="0">
  <testcase classname="test.lonicTest" name="changeSceneAndViewPort" time="71.722"/>
</testsuite> <!-- test.lonicTest -->
